<?xml version="1.0" encoding="UTF-8"?>
<!-- Generated by org.testng.reporters.JUnitXMLReporter -->
<testsuite ignored="0" hostname="SRILAKSHMANAR" failures="0" tests="3" name="Default test" time="19.792" errors="0" timestamp="2025-02-24T14:32:57 IST">
  <testcase classname="drighna.ogj.attendanceexam" name="clickAngleLeftButton" time="5.093"/>
  <testcase classname="drighna.ogj.attendanceexam" name="clickAngleLeftButton1" time="3.83"/>
  <testcase classname="drighna.ogj.attendanceexam" name="clickAngleLeftButton111" time="3.556"/>
</testsuite> <!-- Default test -->
