<?xml version="1.0" encoding="UTF-8"?>
<!-- Generated by org.testng.reporters.JUnitXMLReporter -->
<testsuite ignored="0" hostname="SRILAKSHMANAR" failures="2" tests="119" name="Test" time="660.381" errors="0" timestamp="2025-02-24T14:25:02 IST">
  <testcase classname="drighna.ogj.transport" name="clickAngleLeftButton" time="2.984"/>
  <testcase classname="drighna.ogj.transport" name="clickAngleLeftButton11" time="1.862"/>
  <testcase classname="drighna.ogj.transport" name="clickAngleLeftButton11111" time="2.701"/>
  <testcase classname="drighna.ogj.BehaviourRecords" name="studentincidentreport" time="0.738"/>
  <testcase classname="drighna.ogj.BehaviourRecords" name="studentreport" time="11.916"/>
  <testcase classname="drighna.ogj.BehaviourRecords" name="studentreport1" time="1.498"/>
  <testcase classname="drighna.ogj.BehaviourRecords" name="studentreport11" time="0.507"/>
  <testcase classname="drighna.ogj.BehaviourRecords" name="studentreport111" time="0.518"/>
  <testcase classname="drighna.ogj.BehaviourRecords" name="studentreport1111" time="0.473"/>
  <testcase classname="drighna.ogj.BehaviourRecords" name="studentreport11111" time="11.245"/>
  <testcase classname="drighna.ogj.BehaviourRecords" name="studentreport111111" time="0.494"/>
  <testcase classname="drighna.ogj.BehaviourRecords" name="behave" time="1.641"/>
  <testcase classname="drighna.ogj.Fees" name="searchFeeCollection" time="0.826"/>
  <testcase classname="drighna.ogj.transport1" name="clickAngleLeftButton" time="3.186"/>
  <testcase classname="drighna.ogj.download" name="clickAngleLeftButton" time="1.827"/>
  <testcase classname="drighna.ogj.download" name="clickAngleLeftButton11" time="0.642"/>
  <testcase classname="drighna.ogj.download" name="clickAngleLeftButton111" time="1.704"/>
  <testcase classname="drighna.ogj.download" name="clickAngleLeftButton1111" time="2.333"/>
  <testcase classname="drighna.ogj.Fees1" name="addfees" time="2.185"/>
  <testcase classname="drighna.ogj.Fees1" name="addfeescarryforward" time="1.221"/>
  <testcase classname="drighna.ogj.Fees1" name="addfeesdiscount" time="1.748"/>
  <testcase classname="drighna.ogj.Fees1" name="addfeesreminder" time="1.365"/>
  <testcase classname="drighna.ogj.Fees1" name="feesearch" time="1.58"/>
  <testcase classname="drighna.ogj.Fees1" name="feesearch1" time="11.942"/>
  <testcase classname="drighna.ogj.Fees1" name="feesgroup" time="1.436"/>
  <testcase classname="drighna.ogj.report" name="clickAngleLeftButton" time="25.625"/>
  <testcase classname="drighna.ogj.report" name="clickAngleLeftButton1" time="33.001"/>
  <testcase classname="drighna.ogj.report" name="daily_attendance_report" time="12.952"/>
  <testcase classname="drighna.ogj.report" name="daily_attendance_report1" time="8.985"/>
  <testcase classname="drighna.ogj.report" name="daily_attendance_report11" time="18.389"/>
  <testcase classname="drighna.ogj.report" name="daily_attendance_report111" time="14.444"/>
  <testcase classname="drighna.ogj.report" name="daily_attendance_report1111" time="12.68"/>
  <testcase classname="drighna.ogj.report" name="daily_attendance_report11111" time="15.098"/>
  <testcase classname="drighna.ogj.report" name="daily_attendance_report111111" time="14.003"/>
  <testcase classname="drighna.ogj.report" name="daily_attendance_report1111111" time="10.268"/>
  <testcase classname="drighna.ogj.report" name="daily_attendance_report11111111" time="2.759"/>
  <testcase classname="drighna.ogj.report" name="daily_attendance_report111111111" time="2.759"/>
  <testcase classname="drighna.ogj.report" name="daily_attendance_report1111111111" time="5.068"/>
  <testcase classname="drighna.ogj.report" name="daily_attendance_report11111111111" time="3.006"/>
  <testcase classname="drighna.ogj.report" name="daily_attendance_report111111111111" time="2.432"/>
  <testcase classname="drighna.ogj.lessonplan" name="clickAngleLeftButton" time="1.915"/>
  <testcase classname="drighna.ogj.lessonplan" name="clickAngleLeftButton11" time="1.783"/>
  <testcase classname="drighna.ogj.lessonplan" name="clickAngleLeftButton111" time="1.424"/>
  <testcase classname="drighna.ogj.lessonplan" name="clickAngleLeftButton1" time="1.632"/>
  <testcase classname="drighna.ogj.lessonplan" name="clickAngleLeftButton1111" time="2.929"/>
  <testcase classname="drighna.ogj.Examination" name="clickAngleLeftButton" time="1.683"/>
  <testcase classname="drighna.ogj.Examination" name="verifyExamScheduleLink" time="1.893"/>
  <testcase classname="drighna.ogj.Examination" name="verifyExamResultAndDropdowns" time="2.502"/>
  <testcase classname="drighna.ogj.Examination" name="verifyExamResultAndDropdowns1" time="1.512"/>
  <testcase classname="drighna.ogj.Examination" name="verifyExamResultAndDropdowns11" time="6.65"/>
  <testcase classname="drighna.ogj.Examination" name="verifyExamResultAndDropdowns111" time="5.0"/>
  <testcase classname="drighna.ogj.Examination" name="verifyExamResultAndDropdowns1111" time="6.293"/>
  <testcase classname="drighna.ogj.Examination" name="verifyExamResultAndDropdowns11111" time="4.678"/>
  <testcase classname="drighna.ogj.Examination" name="verifyExamResultAndDropdowns111111" time="3.172"/>
  <testcase classname="drighna.ogj.hostel" name="clickAngleLeftButton" time="1.93"/>
  <testcase classname="drighna.ogj.hostel" name="clickAngleLeftButton1" time="1.94"/>
  <testcase classname="drighna.ogj.hostel" name="clickAngleLeftButton11" time="1.387"/>
  <testcase classname="drighna.ogj.attendanceexam" name="clickAngleLeftButton" time="3.93"/>
  <testcase classname="drighna.ogj.attendanceexam" name="clickAngleLeftButton1" time="4.068">
    <failure type="org.openqa.selenium.ElementNotInteractableException" message="element not interactable: Element is not currently visible and may not be manipulated
  (Session info: MicrosoftEdge=133.0.3065.82)
Build info: version: &amp;apos;4.27.0&amp;apos;, revision: &amp;apos;d6e718d134&amp;apos;
System info: os.name: &amp;apos;Windows 11&amp;apos;, os.arch: &amp;apos;amd64&amp;apos;, os.version: &amp;apos;10.0&amp;apos;, java.version: &amp;apos;21.0.5&amp;apos;
Driver info: org.openqa.selenium.edge.EdgeDriver
Command: [639ce398f8d55e2758a6d5c72db8f53d, clickElement {id=f.3BF3E1EFFC0B7256093A02C9087B9448.d.7A227513C207C30D72F3B0D2E6525DDF.e.547}]
Capabilities {acceptInsecureCerts: false, browserName: MicrosoftEdge, browserVersion: 133.0.3065.82, fedcm:accounts: true, ms:edgeOptions: {debuggerAddress: localhost:5448}, msedge: {msedgedriverVersion: 133.0.3065.82 (e8aeaf3e0117..., userDataDir: C:\Users\srila\AppData\Loca...}, networkConnectionEnabled: false, pageLoadStrategy: normal, platformName: windows, proxy: Proxy(), se:cdp: ws://localhost:5448/devtool..., se:cdpVersion: 133.0.3065.82, setWindowRect: true, strictFileInteractability: false, timeouts: {implicit: 0, pageLoad: 300000, script: 30000}, unhandledPromptBehavior: dismiss and notify, webauthn:extension:credBlob: true, webauthn:extension:largeBlob: true, webauthn:extension:minPinLength: true, webauthn:extension:prf: true, webauthn:virtualAuthenticators: true}
Element: [[[[EdgeDriver: MicrosoftEdge on windows (639ce398f8d55e2758a6d5c72db8f53d)] -&amp;gt; xpath: 	(//select[@id=&amp;apos;class&amp;apos;])[1]]] -&amp;gt; tag name: option]
Session ID: 639ce398f8d55e2758a6d5c72db8f53d">
      <![CDATA[org.openqa.selenium.ElementNotInteractableException: element not interactable: Element is not currently visible and may not be manipulated
  (Session info: MicrosoftEdge=133.0.3065.82)
Build info: version: '4.27.0', revision: 'd6e718d134'
System info: os.name: 'Windows 11', os.arch: 'amd64', os.version: '10.0', java.version: '21.0.5'
Driver info: org.openqa.selenium.edge.EdgeDriver
Command: [639ce398f8d55e2758a6d5c72db8f53d, clickElement {id=f.3BF3E1EFFC0B7256093A02C9087B9448.d.7A227513C207C30D72F3B0D2E6525DDF.e.547}]
Capabilities {acceptInsecureCerts: false, browserName: MicrosoftEdge, browserVersion: 133.0.3065.82, fedcm:accounts: true, ms:edgeOptions: {debuggerAddress: localhost:5448}, msedge: {msedgedriverVersion: 133.0.3065.82 (e8aeaf3e0117..., userDataDir: C:\Users\srila\AppData\Loca...}, networkConnectionEnabled: false, pageLoadStrategy: normal, platformName: windows, proxy: Proxy(), se:cdp: ws://localhost:5448/devtool..., se:cdpVersion: 133.0.3065.82, setWindowRect: true, strictFileInteractability: false, timeouts: {implicit: 0, pageLoad: 300000, script: 30000}, unhandledPromptBehavior: dismiss and notify, webauthn:extension:credBlob: true, webauthn:extension:largeBlob: true, webauthn:extension:minPinLength: true, webauthn:extension:prf: true, webauthn:virtualAuthenticators: true}
Element: [[[[EdgeDriver: MicrosoftEdge on windows (639ce398f8d55e2758a6d5c72db8f53d)] -> xpath: (//select[@id='class'])[1]]] -> tag name: option]
Session ID: 639ce398f8d55e2758a6d5c72db8f53d
at org.openqa.selenium.remote.ErrorCodec.decode(ErrorCodec.java:167)
at org.openqa.selenium.remote.codec.w3c.W3CHttpResponseCodec.decode(W3CHttpResponseCodec.java:138)
at org.openqa.selenium.remote.codec.w3c.W3CHttpResponseCodec.decode(W3CHttpResponseCodec.java:50)
at org.openqa.selenium.remote.HttpCommandExecutor.execute(HttpCommandExecutor.java:190)
at org.openqa.selenium.remote.service.DriverCommandExecutor.invokeExecute(DriverCommandExecutor.java:216)
at org.openqa.selenium.remote.service.DriverCommandExecutor.execute(DriverCommandExecutor.java:174)
at org.openqa.selenium.remote.RemoteWebDriver.execute(RemoteWebDriver.java:545)
at org.openqa.selenium.remote.RemoteWebElement.execute(RemoteWebElement.java:223)
at org.openqa.selenium.remote.RemoteWebElement.click(RemoteWebElement.java:76)
at org.openqa.selenium.support.ui.Select.setSelected(Select.java:419)
at org.openqa.selenium.support.ui.Select.setSelectedByIndex(Select.java:403)
at org.openqa.selenium.support.ui.Select.selectByIndex(Select.java:262)
at drighna.ogj.attendanceexam.clickAngleLeftButton1(attendanceexam.java:113)
at java.base/java.util.ArrayList.forEach(ArrayList.java:1596)
... Removed 28 stack frames]]>
    </failure>
  </testcase> <!-- clickAngleLeftButton1 -->
  <testcase classname="drighna.ogj.attendanceexam" name="clickAngleLeftButton111" time="1.085">
    <failure type="org.openqa.selenium.ElementClickInterceptedException" message="element click intercepted: Element &amp;lt;a href=&amp;quot;https://edutech.drighna.com/admin/stuattendence/attendencereport&amp;quot;&amp;gt;...&amp;lt;/a&amp;gt; is not clickable at point (100, 626). Other element would receive the click: &amp;lt;div class=&amp;quot;modal fade in&amp;quot; id=&amp;quot;homework_docs&amp;quot; tabindex=&amp;quot;-1&amp;quot; role=&amp;quot;dialog&amp;quot; aria-labelledby=&amp;quot;evaluation&amp;quot; style=&amp;quot;display: block; padding-right: 15px;&amp;quot; aria-hidden=&amp;quot;false&amp;quot;&amp;gt;...&amp;lt;/div&amp;gt;
  (Session info: MicrosoftEdge=133.0.3065.82)
Build info: version: &amp;apos;4.27.0&amp;apos;, revision: &amp;apos;d6e718d134&amp;apos;
System info: os.name: &amp;apos;Windows 11&amp;apos;, os.arch: &amp;apos;amd64&amp;apos;, os.version: &amp;apos;10.0&amp;apos;, java.version: &amp;apos;21.0.5&amp;apos;
Driver info: org.openqa.selenium.edge.EdgeDriver
Command: [639ce398f8d55e2758a6d5c72db8f53d, clickElement {id=f.3BF3E1EFFC0B7256093A02C9087B9448.d.7A227513C207C30D72F3B0D2E6525DDF.e.601}]
Capabilities {acceptInsecureCerts: false, browserName: MicrosoftEdge, browserVersion: 133.0.3065.82, fedcm:accounts: true, ms:edgeOptions: {debuggerAddress: localhost:5448}, msedge: {msedgedriverVersion: 133.0.3065.82 (e8aeaf3e0117..., userDataDir: C:\Users\srila\AppData\Loca...}, networkConnectionEnabled: false, pageLoadStrategy: normal, platformName: windows, proxy: Proxy(), se:cdp: ws://localhost:5448/devtool..., se:cdpVersion: 133.0.3065.82, setWindowRect: true, strictFileInteractability: false, timeouts: {implicit: 0, pageLoad: 300000, script: 30000}, unhandledPromptBehavior: dismiss and notify, webauthn:extension:credBlob: true, webauthn:extension:largeBlob: true, webauthn:extension:minPinLength: true, webauthn:extension:prf: true, webauthn:virtualAuthenticators: true}
Element: [[EdgeDriver: MicrosoftEdge on windows (639ce398f8d55e2758a6d5c72db8f53d)] -&amp;gt; xpath: (//a[normalize-space()=&amp;apos;Attendance By Date&amp;apos;])[2]]
Session ID: 639ce398f8d55e2758a6d5c72db8f53d">
      <![CDATA[org.openqa.selenium.ElementClickInterceptedException: element click intercepted: Element <a href="https://edutech.drighna.com/admin/stuattendence/attendencereport">...</a> is not clickable at point (100, 626). Other element would receive the click: <div class="modal fade in" id="homework_docs" tabindex="-1" role="dialog" aria-labelledby="evaluation" style="display: block; padding-right: 15px;" aria-hidden="false">...</div>
  (Session info: MicrosoftEdge=133.0.3065.82)
Build info: version: '4.27.0', revision: 'd6e718d134'
System info: os.name: 'Windows 11', os.arch: 'amd64', os.version: '10.0', java.version: '21.0.5'
Driver info: org.openqa.selenium.edge.EdgeDriver
Command: [639ce398f8d55e2758a6d5c72db8f53d, clickElement {id=f.3BF3E1EFFC0B7256093A02C9087B9448.d.7A227513C207C30D72F3B0D2E6525DDF.e.601}]
Capabilities {acceptInsecureCerts: false, browserName: MicrosoftEdge, browserVersion: 133.0.3065.82, fedcm:accounts: true, ms:edgeOptions: {debuggerAddress: localhost:5448}, msedge: {msedgedriverVersion: 133.0.3065.82 (e8aeaf3e0117..., userDataDir: C:\Users\srila\AppData\Loca...}, networkConnectionEnabled: false, pageLoadStrategy: normal, platformName: windows, proxy: Proxy(), se:cdp: ws://localhost:5448/devtool..., se:cdpVersion: 133.0.3065.82, setWindowRect: true, strictFileInteractability: false, timeouts: {implicit: 0, pageLoad: 300000, script: 30000}, unhandledPromptBehavior: dismiss and notify, webauthn:extension:credBlob: true, webauthn:extension:largeBlob: true, webauthn:extension:minPinLength: true, webauthn:extension:prf: true, webauthn:virtualAuthenticators: true}
Element: [[EdgeDriver: MicrosoftEdge on windows (639ce398f8d55e2758a6d5c72db8f53d)] -> xpath: (//a[normalize-space()='Attendance By Date'])[2]]
Session ID: 639ce398f8d55e2758a6d5c72db8f53d
at org.openqa.selenium.remote.ErrorCodec.decode(ErrorCodec.java:167)
at org.openqa.selenium.remote.codec.w3c.W3CHttpResponseCodec.decode(W3CHttpResponseCodec.java:138)
at org.openqa.selenium.remote.codec.w3c.W3CHttpResponseCodec.decode(W3CHttpResponseCodec.java:50)
at org.openqa.selenium.remote.HttpCommandExecutor.execute(HttpCommandExecutor.java:190)
at org.openqa.selenium.remote.service.DriverCommandExecutor.invokeExecute(DriverCommandExecutor.java:216)
at org.openqa.selenium.remote.service.DriverCommandExecutor.execute(DriverCommandExecutor.java:174)
at org.openqa.selenium.remote.RemoteWebDriver.execute(RemoteWebDriver.java:545)
at org.openqa.selenium.remote.RemoteWebElement.execute(RemoteWebElement.java:223)
at org.openqa.selenium.remote.RemoteWebElement.click(RemoteWebElement.java:76)
at drighna.ogj.attendanceexam.clickAngleLeftButton111(attendanceexam.java:162)
at java.base/java.util.ArrayList.forEach(ArrayList.java:1596)
... Removed 28 stack frames]]>
    </failure>
  </testcase> <!-- clickAngleLeftButton111 -->
  <testcase classname="drighna.ogj.HR" name="clickAngleLeftButton" time="5.085"/>
  <testcase classname="drighna.ogj.HR" name="clickAngleLeftButton1" time="1.455"/>
  <testcase classname="drighna.ogj.HR" name="clickAngleLeftButton11" time="1.179"/>
  <testcase classname="drighna.ogj.OnlineCourse" name="coursecategory" time="2.012"/>
  <testcase classname="drighna.ogj.OnlineCourse" name="coursereport" time="1.988"/>
  <testcase classname="drighna.ogj.OnlineCourse" name="subject" time="1.318"/>
  <testcase classname="drighna.ogj.OnlineCourse" name="verifyCourseCompleteReport" time="2.547"/>
  <testcase classname="drighna.ogj.OnlineCourse" name="verifyCourseRatingReport" time="0.799"/>
  <testcase classname="drighna.ogj.OnlineCourse" name="verifyCourseTrendingReport" time="10.803"/>
  <testcase classname="drighna.ogj.OnlineCourse" name="verifyGuestReport" time="0.721"/>
  <testcase classname="drighna.ogj.OnlineCourse" name="verifyGuestReport1" time="2.52"/>
  <testcase classname="drighna.ogj.acad" name="clickAngleLeftButton" time="1.563"/>
  <testcase classname="drighna.ogj.acad" name="clickAngleLeftButton1" time="1.004"/>
  <testcase classname="drighna.ogj.acad" name="clickAngleLeftButton11" time="1.333"/>
  <testcase classname="drighna.ogj.acad" name="clickAngleLeftButton111" time="2.04"/>
  <testcase classname="drighna.ogj.acad" name="clickAngleLeftButton1111" time="2.252"/>
  <testcase classname="drighna.ogj.acad" name="clickAngleLeftButton11111" time="1.452"/>
  <testcase classname="drighna.ogj.acad" name="clickAngleLeftButton111111" time="1.145"/>
  <testcase classname="drighna.ogj.acad" name="clickAngleLeftButton1111111" time="1.552"/>
  <testcase classname="drighna.ogj.onlineexam" name="clickAngleLeftButton" time="3.508"/>
  <testcase classname="drighna.ogj.onlineexam" name="clickAngleLeftButton1" time="3.907"/>
  <testcase classname="drighna.ogj.inventory" name="clickAngleLeftButton" time="3.25"/>
  <testcase classname="drighna.ogj.inventory" name="clickAngleLeftButton1" time="2.663"/>
  <testcase classname="drighna.ogj.inventory" name="clickAngleLeftButton11" time="1.039"/>
  <testcase classname="drighna.ogj.inventory" name="clickAngleLeftButton111" time="0.664"/>
  <testcase classname="drighna.ogj.inventory" name="clickAngleLeftButton1111" time="1.612"/>
  <testcase classname="drighna.ogj.inventory" name="clickAngleLeftButton11111" time="2.6"/>
  <testcase classname="drighna.ogj.ExpenseManagement" name="verifyExpenseDetails1" time="2.64"/>
  <testcase classname="drighna.ogj.ExpenseManagement" name="behave" time="2.676"/>
  <testcase classname="drighna.ogj.frontcms" name="clickAngleLeftButton" time="3.651"/>
  <testcase classname="drighna.ogj.frontcms" name="clickAngleLeftButton1" time="3.679"/>
  <testcase classname="drighna.ogj.frontcms" name="clickAngleLeftButton11" time="2.718"/>
  <testcase classname="drighna.ogj.Income" name="incomeTest" time="2.163"/>
  <testcase classname="drighna.ogj.Income" name="searchincome" time="1.01"/>
  <testcase classname="drighna.ogj.Income" name="fillIncomeHeadForm" time="1.619"/>
  <testcase classname="drighna.ogj.homework" name="clickAngleLeftButton" time="2.532"/>
  <testcase classname="drighna.ogj.homework" name="clickAngleLeftButton1" time="1.844"/>
  <testcase classname="drighna.ogj.gmeet" name="completeFeeProcess" time="35.459"/>
  <testcase classname="drighna.ogj.gmeet" name="completeFeeProcess11" time="12.57"/>
  <testcase classname="drighna.ogj.gmeet" name="daily_asg" time="14.118"/>
  <testcase classname="drighna.ogj.ZoomLiveTest" name="testZoomLiveClass1" time="2.52"/>
  <testcase classname="drighna.ogj.communication" name="clickAngleLeftButton" time="3.457"/>
  <testcase classname="drighna.ogj.Academics" name="testFormInteraction" time="1.259"/>
  <testcase classname="drighna.ogj.Academics" name="testFormSubmission" time="2.093"/>
  <testcase classname="drighna.ogj.Academics" name="testFormSubmission1" time="2.197"/>
  <testcase classname="drighna.ogj.Academics" name="testFormSubmission11" time="2.795"/>
  <testcase classname="drighna.ogj.Academics" name="testClickFrontOfficeAndSelectClass" time="1.988"/>
  <testcase classname="drighna.ogj.Academics" name="testVisitor" time="3.219"/>
  <testcase classname="drighna.ogj.library" name="clickAngleLeftButton" time="2.658"/>
  <testcase classname="drighna.ogj.library" name="clickAngleLeftButton1" time="0.573"/>
  <testcase classname="drighna.ogj.library" name="clickAngleLeftButton11" time="1.654"/>
  <testcase classname="drighna.ogj.library" name="clickAngleLeftButton111" time="0.049"/>
  <testcase classname="drighna.ogj.Attendance" name="fill" time="13.179"/>
  <testcase classname="drighna.ogj.Attendance" name="fill1" time="1.801"/>
  <testcase classname="drighna.ogj.Attendance" name="fill12" time="1.259"/>
  <testcase classname="drighna.ogj.Attendance" name="fill123" time="1.442"/>
  <testcase classname="drighna.ogj.Attendance" name="fill1234" time="1.177"/>
  <testcase classname="drighna.ogj.Attendance" name="fill12345" time="0.996"/>
  <testcase classname="drighna.ogj.Attendance" name="fill123456" time="2.12"/>
</testsuite> <!-- Test -->
