<?xml version="1.0" encoding="UTF-8"?>
<testng-results ignored="0" total="3" passed="3" failed="0" skipped="0">
  <reporter-output>
  </reporter-output>
  <suite started-at="2025-02-24T14:32:37 IST" name="Default suite" finished-at="2025-02-24T14:32:57 IST" duration-ms="19792">
    <groups>
    </groups>
    <test started-at="2025-02-24T14:32:37 IST" name="Default test" finished-at="2025-02-24T14:32:57 IST" duration-ms="19792">
      <class name="drighna.ogj.attendanceexam">
        <test-method is-config="true" signature="setup()[pri:0, instance:drighna.ogj.attendanceexam@72d1ad2e]" started-at="2025-02-24T14:32:37 IST" name="setup" finished-at="2025-02-24T14:32:43 IST" duration-ms="5409" status="PASS">
          <reporter-output>
          </reporter-output>
        </test-method> <!-- setup -->
        <test-method is-config="true" signature="setupOnce()[pri:0, instance:drighna.ogj.attendanceexam@72d1ad2e]" started-at="2025-02-24T14:32:43 IST" name="setupOnce" finished-at="2025-02-24T14:32:45 IST" duration-ms="1867" status="PASS">
          <reporter-output>
          </reporter-output>
        </test-method> <!-- setupOnce -->
        <test-method signature="clickAngleLeftButton()[pri:1, instance:drighna.ogj.attendanceexam@72d1ad2e]" started-at="2025-02-24T14:32:45 IST" name="clickAngleLeftButton" finished-at="2025-02-24T14:32:50 IST" duration-ms="5093" status="PASS">
          <reporter-output>
          </reporter-output>
        </test-method> <!-- clickAngleLeftButton -->
        <test-method signature="clickAngleLeftButton1()[pri:2, instance:drighna.ogj.attendanceexam@72d1ad2e]" started-at="2025-02-24T14:32:50 IST" name="clickAngleLeftButton1" finished-at="2025-02-24T14:32:54 IST" duration-ms="3830" status="PASS">
          <reporter-output>
          </reporter-output>
        </test-method> <!-- clickAngleLeftButton1 -->
        <test-method signature="clickAngleLeftButton111()[pri:3, instance:drighna.ogj.attendanceexam@72d1ad2e]" started-at="2025-02-24T14:32:54 IST" name="clickAngleLeftButton111" finished-at="2025-02-24T14:32:57 IST" duration-ms="3556" status="PASS">
          <reporter-output>
          </reporter-output>
        </test-method> <!-- clickAngleLeftButton111 -->
      </class> <!-- drighna.ogj.attendanceexam -->
    </test> <!-- Default test -->
  </suite> <!-- Default suite -->
</testng-results>
